OpenGL vendor string:   Intel Open Source Technology Center
OpenGL renderer string: Mesa DRI Intel(R) HD Graphics 520 (Skylake GT2) 
OpenGL version string:  3.0 Mesa 17.2.8

Not software rendered:    [32;01myes[00m
Not blacklisted:          [32;01myes[00m
GLX fbconfig:             [32;01myes[00m
GLX texture from pixmap:  [32;01myes[00m
GL npot or rect textures: [32;01myes[00m
GL vertex program:        [32;01myes[00m
GL fragment program:      [32;01myes[00m
GL vertex buffer object:  [32;01myes[00m
GL framebuffer object:    [32;01myes[00m
GL version is 1.4+:       [32;01myes[00m

Unity 3D supported:       [32;01myes[00m
Using compiz profile 'ubuntu:unity'
dbus-update-activation-environment: setting COMPIZ_CONFIG_PROFILE=ubuntu
dbus-update-activation-environment: setting UNITY_HAS_3D_SUPPORT=true
dbus-update-activation-environment: setting UNITY_DEFAULT_PROFILE=unity
compizconfig - Info: Backend     : gsettings
compizconfig - Info: Integration : true
compizconfig - Info: Profile     : unity
We're already using profile 'unity', no need to switch
compizconfig - Info: Backend     : gsettings
compizconfig - Info: Integration : true
compizconfig - Info: Profile     : unity
compiz (core) - Info: Loading plugin: core
compiz (core) - Info: Starting plugin: core
compiz (core) - Info: Loading plugin: ccp
compiz (core) - Info: Starting plugin: ccp
compizconfig - Info: Backend     : gsettings
compizconfig - Info: Integration : true
compizconfig - Info: Profile     : unity
compiz (core) - Info: Loading plugin: composite
compiz (core) - Info: Starting plugin: composite
compiz (core) - Info: Loading plugin: opengl
compiz (core) - Info: Starting plugin: opengl
Compiz (opengl) - Info: GLX_EXT_buffer_age is supported
compiz (core) - Info: Loading plugin: commands
compiz (core) - Info: Starting plugin: commands
compiz (core) - Info: Loading plugin: copytex
compiz (core) - Info: Starting plugin: copytex
compiz (core) - Info: Loading plugin: move
compiz (core) - Info: Starting plugin: move
compiz (core) - Info: Loading plugin: imgpng
compiz (core) - Info: Starting plugin: imgpng
compiz (core) - Info: Loading plugin: mousepoll
compiz (core) - Info: Starting plugin: mousepoll
compiz (core) - Info: Loading plugin: compiztoolbox
compiz (core) - Info: Starting plugin: compiztoolbox
compiz (core) - Info: Loading plugin: regex
compiz (core) - Info: Starting plugin: regex
compiz (core) - Info: Loading plugin: vpswitch
compiz (core) - Info: Starting plugin: vpswitch
compiz (core) - Info: Loading plugin: place
compiz (core) - Info: Starting plugin: place
compiz (core) - Info: Loading plugin: resize
compiz (core) - Info: Starting plugin: resize
compiz (core) - Info: Loading plugin: animation
compiz (core) - Info: Starting plugin: animation
compiz (core) - Info: Loading plugin: wall
compiz (core) - Info: Starting plugin: wall
compiz (core) - Info: Loading plugin: grid
compiz (core) - Info: Starting plugin: grid
compiz (core) - Info: Loading plugin: snap
compiz (core) - Info: Starting plugin: snap
compiz (core) - Info: Loading plugin: expo
compiz (core) - Info: Starting plugin: expo
compiz (core) - Info: Loading plugin: unitymtgrabhandles
compiz (core) - Info: Starting plugin: unitymtgrabhandles
compiz (core) - Info: Loading plugin: workarounds
compiz (core) - Info: Starting plugin: workarounds
compiz (core) - Info: Loading plugin: session
compiz (core) - Info: Starting plugin: session
compiz (core) - Info: Loading plugin: fade
compiz (core) - Info: Starting plugin: fade
compiz (core) - Info: Loading plugin: ezoom
compiz (core) - Info: Starting plugin: ezoom
compiz (core) - Info: Loading plugin: scale
compiz (core) - Info: Starting plugin: scale
compiz (core) - Info: Loading plugin: unityshell
compiz (core) - Info: Starting plugin: unityshell
WARN  2018-07-24 19:21:56 unity.glib.dbus.server GLibDBusServer.cpp:593 Can't register object 'org.gnome.Shell' yet as we don't have a connection, waiting for it...
WARN  2018-07-24 19:21:56 unity.debug.interface DebugDBusInterface.cpp:217 Unable to load entry point in libxpathselect: libxpathselect.so.1.4: cannot open shared object file: No such file or directory -- full D-Bus introspection will not be available
WARN  2018-07-24 19:21:56 unity.glib.dbus.server GLibDBusServer.cpp:593 Can't register object 'org.gnome.SessionManager.EndSessionDialog' yet as we don't have a connection, waiting for it...
WARN  2018-07-24 19:21:56 xim.controller XIMController.cpp:103 IBus natively supported.
WARN  2018-07-24 19:21:56 unity.dash.gsettingsscopereader GSettingsScopes.cpp:108 Error fetching protocol metadata for scope: social.scope : Valid key file could not be found in search dirs
WARN  2018-07-24 19:21:57 unity.glib.dbus.server GLibDBusServer.cpp:593 Can't register object 'com.canonical.Unity.Launcher' yet as we don't have a connection, waiting for it...
WARN  2018-07-24 19:21:57 unity.glib.dbus.server GLibDBusServer.cpp:593 Can't register object 'com.canonical.Unity.Dash' yet as we don't have a connection, waiting for it...
WARN  2018-07-24 19:21:57 unity.glib.dbus.server GLibDBusServer.cpp:593 Can't register object 'com.canonical.Unity.Session' yet as we don't have a connection, waiting for it...
WARN  2018-07-24 19:21:57 unity.glib.dbus.server GLibDBusServer.cpp:593 Can't register object 'org.gnome.ScreenSaver' yet as we don't have a connection, waiting for it...
compiz (core) - Warn: Attempted to restack relative to 0x2600014 which is not a child of the root window or a window compiz owns
ERROR 2018-07-24 19:21:57 unity.glib.dbus.server GLibDBusServer.cpp:538 DBus name lost 'org.gnome.Shell'
ERROR 2018-07-24 19:21:57 unity.glib.dbus.server GLibDBusServer.cpp:538 DBus name lost 'com.canonical.Unity'
WARN  2018-07-24 19:21:57 unity.key.gnome.grabber GnomeKeyGrabber.cpp:108 Trying to grab a disabled action, we skip it
WARN  2018-07-24 19:21:57 unity.key.gnome.grabber GnomeKeyGrabber.cpp:108 Trying to grab a disabled action, we skip it
WARN  2018-07-24 19:21:57 unity.key.gnome.grabber GnomeKeyGrabber.cpp:108 Trying to grab a disabled action, we skip it
WARN  2018-07-24 19:21:57 unity.key.gnome.grabber GnomeKeyGrabber.cpp:108 Trying to grab a disabled action, we skip it
WARN  2018-07-24 19:21:57 unity.key.gnome.grabber GnomeKeyGrabber.cpp:108 Trying to grab a disabled action, we skip it
WARN  2018-07-24 19:21:57 unity.key.gnome.grabber GnomeKeyGrabber.cpp:108 Trying to grab a disabled action, we skip it
WARN  2018-07-24 19:21:57 unity.key.gnome.grabber GnomeKeyGrabber.cpp:108 Trying to grab a disabled action, we skip it
WARN  2018-07-24 19:21:57 unity.key.gnome.grabber GnomeKeyGrabber.cpp:108 Trying to grab a disabled action, we skip it
WARN  2018-07-24 19:21:57 unity.key.gnome.grabber GnomeKeyGrabber.cpp:108 Trying to grab a disabled action, we skip it
WARN  2018-07-24 19:21:57 unity.key.gnome.grabber GnomeKeyGrabber.cpp:108 Trying to grab a disabled action, we skip it
ERROR 2018-07-24 19:27:16 nux.gestures_subscription GesturesSubscription.cpp:93 Failed to deactivate Geis subscription.
ERROR 2018-07-24 19:27:16 nux.gestures_subscription GesturesSubscription.cpp:93 Failed to deactivate Geis subscription.
ERROR 2018-07-24 19:27:16 nux.gestures_subscription GesturesSubscription.cpp:93 Failed to deactivate Geis subscription.
/usr/lib/python3/dist-packages/softwareproperties/gtk/SoftwarePropertiesGtk.py:40: PyGIWarning: Gdk was imported without specifying a version first. Use gi.require_version('Gdk', '3.0') before import to ensure that the right version gets loaded.
  from gi.repository import GObject, Gdk, Gtk, Gio, GLib
/usr/lib/python3/dist-packages/softwareproperties/gtk/SoftwarePropertiesGtk.py:40: PyGIWarning: Gtk was imported without specifying a version first. Use gi.require_version('Gtk', '3.0') before import to ensure that the right version gets loaded.
  from gi.repository import GObject, Gdk, Gtk, Gio, GLib
(software-properties-gtk:2849): Gtk-DEBUG: Connecting to session manager
ExceptionHandler::GenerateDump cloned child 31463
ExceptionHandler::SendContinueSignalToChild sent continue signal to child
ExceptionHandler::WaitForContinueSignal waiting for continue signal...
[Parent 2481, Gecko_IOThread] WARNING: pipe error: Broken pipe: file /build/firefox-9j9NY8/firefox-58.0.2+build1/ipc/chromium/src/chrome/common/ipc_channel_posix.cc, line 709
[Parent 2481, Gecko_IOThread] WARNING: FileDescriptorSet destroyed with unconsumed descriptors: file /build/firefox-9j9NY8/firefox-58.0.2+build1/ipc/chromium/src/chrome/common/file_descriptor_set_posix.cc, line 22
[Parent 2481, Gecko_IOThread] WARNING: FileDescriptorSet destroyed with unconsumed descriptors: file /build/firefox-9j9NY8/firefox-58.0.2+build1/ipc/chromium/src/chrome/common/file_descriptor_set_posix.cc, line 22
[Parent 2481, Gecko_IOThread] WARNING: FileDescriptorSet destroyed with unconsumed descriptors: file /build/firefox-9j9NY8/firefox-58.0.2+build1/ipc/chromium/src/chrome/common/file_descriptor_set_posix.cc, line 22
[Parent 2481, Gecko_IOThread] WARNING: FileDescriptorSet destroyed with unconsumed descriptors: file /build/firefox-9j9NY8/firefox-58.0.2+build1/ipc/chromium/src/chrome/common/file_descriptor_set_posix.cc, line 22
[Parent 2481, Gecko_IOThread] WARNING: pipe error (156): Connection reset by peer: file /build/firefox-9j9NY8/firefox-58.0.2+build1/ipc/chromium/src/chrome/common/ipc_channel_posix.cc, line 353
[Parent 2481, Gecko_IOThread] WARNING: pipe error (162): Connection reset by peer: file /build/firefox-9j9NY8/firefox-58.0.2+build1/ipc/chromium/src/chrome/common/ipc_channel_posix.cc, line 353
[Parent 2481, Gecko_IOThread] WARNING: pipe error (164): Connection reset by peer: file /build/firefox-9j9NY8/firefox-58.0.2+build1/ipc/chromium/src/chrome/common/ipc_channel_posix.cc, line 353
[Parent 2481, Gecko_IOThread] WARNING: pipe error (169): Connection reset by peer: file /build/firefox-9j9NY8/firefox-58.0.2+build1/ipc/chromium/src/chrome/common/ipc_channel_posix.cc, line 353
[Parent 2481, Gecko_IOThread] WARNING: pipe error (171): Connection reset by peer: file /build/firefox-9j9NY8/firefox-58.0.2+build1/ipc/chromium/src/chrome/common/ipc_channel_posix.cc, line 353
[Parent 2481, Gecko_IOThread] WARNING: pipe error: Broken pipe: file /build/firefox-9j9NY8/firefox-58.0.2+build1/ipc/chromium/src/chrome/common/ipc_channel_posix.cc, line 709
[Parent 2481, Gecko_IOThread] WARNING: FileDescriptorSet destroyed with unconsumed descriptors: file /build/firefox-9j9NY8/firefox-58.0.2+build1/ipc/chromium/src/chrome/common/file_descriptor_set_posix.cc, line 22
[Parent 2481, Gecko_IOThread] WARNING: FileDescriptorSet destroyed with unconsumed descriptors: file /build/firefox-9j9NY8/firefox-58.0.2+build1/ipc/chromium/src/chrome/common/file_descriptor_set_posix.cc, line 22
[Parent 2481, Gecko_IOThread] WARNING: FileDescriptorSet destroyed with unconsumed descriptors: file /build/firefox-9j9NY8/firefox-58.0.2+build1/ipc/chromium/src/chrome/common/file_descriptor_set_posix.cc, line 22
[Parent 2481, Gecko_IOThread] WARNING: FileDescriptorSet destroyed with unconsumed descriptors: file /build/firefox-9j9NY8/firefox-58.0.2+build1/ipc/chromium/src/chrome/common/file_descriptor_set_posix.cc, line 22
[Parent 2481, Gecko_IOThread] WARNING: pipe error (138): Connection reset by peer: file /build/firefox-9j9NY8/firefox-58.0.2+build1/ipc/chromium/src/chrome/common/ipc_channel_posix.cc, line 353
[Parent 2481, Gecko_IOThread] WARNING: pipe error (147): Connection reset by peer: file /build/firefox-9j9NY8/firefox-58.0.2+build1/ipc/chromium/src/chrome/common/ipc_channel_posix.cc, line 353

###!!! [Parent][MessageChannel] Error: (msgtype=0x150084,name=PBrowser::Msg_Destroy) Channel error: cannot send/recv

[Parent 2481, Gecko_IOThread] WARNING: pipe error (136): Connection reset by peer: file /build/firefox-9j9NY8/firefox-58.0.2+build1/ipc/chromium/src/chrome/common/ipc_channel_posix.cc, line 353
[Parent 2481, Gecko_IOThread] WARNING: pipe error (162): Connection reset by peer: file /build/firefox-9j9NY8/firefox-58.0.2+build1/ipc/chromium/src/chrome/common/ipc_channel_posix.cc, line 353
[Parent 2481, Gecko_IOThread] WARNING: pipe error (165): Connection reset by peer: file /build/firefox-9j9NY8/firefox-58.0.2+build1/ipc/chromium/src/chrome/common/ipc_channel_posix.cc, line 353
[Parent 2481, Gecko_IOThread] WARNING: pipe error: Broken pipe: file /build/firefox-9j9NY8/firefox-58.0.2+build1/ipc/chromium/src/chrome/common/ipc_channel_posix.cc, line 709
[Parent 2481, Gecko_IOThread] WARNING: FileDescriptorSet destroyed with unconsumed descriptors: file /build/firefox-9j9NY8/firefox-58.0.2+build1/ipc/chromium/src/chrome/common/file_descriptor_set_posix.cc, line 22
[Parent 2481, Gecko_IOThread] WARNING: FileDescriptorSet destroyed with unconsumed descriptors: file /build/firefox-9j9NY8/firefox-58.0.2+build1/ipc/chromium/src/chrome/common/file_descriptor_set_posix.cc, line 22
[Parent 2481, Gecko_IOThread] WARNING: FileDescriptorSet destroyed with unconsumed descriptors: file /build/firefox-9j9NY8/firefox-58.0.2+build1/ipc/chromium/src/chrome/common/file_descriptor_set_posix.cc, line 22
[Parent 2481, Gecko_IOThread] WARNING: FileDescriptorSet destroyed with unconsumed descriptors: file /build/firefox-9j9NY8/firefox-58.0.2+build1/ipc/chromium/src/chrome/common/file_descriptor_set_posix.cc, line 22
[Parent 2481, Gecko_IOThread] WARNING: pipe error (121): Connection reset by peer: file /build/firefox-9j9NY8/firefox-58.0.2+build1/ipc/chromium/src/chrome/common/ipc_channel_posix.cc, line 353
[Parent 2481, Gecko_IOThread] WARNING: pipe error (127): Connection reset by peer: file /build/firefox-9j9NY8/firefox-58.0.2+build1/ipc/chromium/src/chrome/common/ipc_channel_posix.cc, line 353
[Parent 2481, Gecko_IOThread] WARNING: pipe error (118): Connection reset by peer: file /build/firefox-9j9NY8/firefox-58.0.2+build1/ipc/chromium/src/chrome/common/ipc_channel_posix.cc, line 353

###!!! [Parent][MessageChannel] Error: (msgtype=0x150084,name=PBrowser::Msg_Destroy) Channel error: cannot send/recv

[Parent 2481, Gecko_IOThread] WARNING: pipe error (153): Connection reset by peer: file /build/firefox-9j9NY8/firefox-58.0.2+build1/ipc/chromium/src/chrome/common/ipc_channel_posix.cc, line 353
[Parent 2481, Gecko_IOThread] WARNING: pipe error (155): Connection reset by peer: file /build/firefox-9j9NY8/firefox-58.0.2+build1/ipc/chromium/src/chrome/common/ipc_channel_posix.cc, line 353
[Parent 2481, Gecko_IOThread] WARNING: pipe error: Broken pipe: file /build/firefox-9j9NY8/firefox-58.0.2+build1/ipc/chromium/src/chrome/common/ipc_channel_posix.cc, line 709
[Parent 2481, Gecko_IOThread] WARNING: FileDescriptorSet destroyed with unconsumed descriptors: file /build/firefox-9j9NY8/firefox-58.0.2+build1/ipc/chromium/src/chrome/common/file_descriptor_set_posix.cc, line 22
[Parent 2481, Gecko_IOThread] WARNING: FileDescriptorSet destroyed with unconsumed descriptors: file /build/firefox-9j9NY8/firefox-58.0.2+build1/ipc/chromium/src/chrome/common/file_descriptor_set_posix.cc, line 22
[Parent 2481, Gecko_IOThread] WARNING: FileDescriptorSet destroyed with unconsumed descriptors: file /build/firefox-9j9NY8/firefox-58.0.2+build1/ipc/chromium/src/chrome/common/file_descriptor_set_posix.cc, line 22
[Parent 2481, Gecko_IOThread] WARNING: FileDescriptorSet destroyed with unconsumed descriptors: file /build/firefox-9j9NY8/firefox-58.0.2+build1/ipc/chromium/src/chrome/common/file_descriptor_set_posix.cc, line 22
[Parent 2481, Gecko_IOThread] WARNING: pipe error (121): Connection reset by peer: file /build/firefox-9j9NY8/firefox-58.0.2+build1/ipc/chromium/src/chrome/common/ipc_channel_posix.cc, line 353
[Parent 2481, Gecko_IOThread] WARNING: pipe error (133): Connection reset by peer: file /build/firefox-9j9NY8/firefox-58.0.2+build1/ipc/chromium/src/chrome/common/ipc_channel_posix.cc, line 353
[Parent 2481, Gecko_IOThread] WARNING: pipe error (135): Connection reset by peer: file /build/firefox-9j9NY8/firefox-58.0.2+build1/ipc/chromium/src/chrome/common/ipc_channel_posix.cc, line 353

###!!! [Parent][MessageChannel] Error: (msgtype=0x150084,name=PBrowser::Msg_Destroy) Channel error: cannot send/recv

[Parent 2481, Gecko_IOThread] WARNING: pipe error (148): Connection reset by peer: file /build/firefox-9j9NY8/firefox-58.0.2+build1/ipc/chromium/src/chrome/common/ipc_channel_posix.cc, line 353
[Parent 2481, Gecko_IOThread] WARNING: pipe error (151): Connection reset by peer: file /build/firefox-9j9NY8/firefox-58.0.2+build1/ipc/chromium/src/chrome/common/ipc_channel_posix.cc, line 353
[Parent 2481, Gecko_IOThread] WARNING: pipe error: Broken pipe: file /build/firefox-9j9NY8/firefox-58.0.2+build1/ipc/chromium/src/chrome/common/ipc_channel_posix.cc, line 709
[Parent 2481, Gecko_IOThread] WARNING: FileDescriptorSet destroyed with unconsumed descriptors: file /build/firefox-9j9NY8/firefox-58.0.2+build1/ipc/chromium/src/chrome/common/file_descriptor_set_posix.cc, line 22
[Parent 2481, Gecko_IOThread] WARNING: FileDescriptorSet destroyed with unconsumed descriptors: file /build/firefox-9j9NY8/firefox-58.0.2+build1/ipc/chromium/src/chrome/common/file_descriptor_set_posix.cc, line 22
[Parent 2481, Gecko_IOThread] WARNING: FileDescriptorSet destroyed with unconsumed descriptors: file /build/firefox-9j9NY8/firefox-58.0.2+build1/ipc/chromium/src/chrome/common/file_descriptor_set_posix.cc, line 22
[Parent 2481, Gecko_IOThread] WARNING: FileDescriptorSet destroyed with unconsumed descriptors: file /build/firefox-9j9NY8/firefox-58.0.2+build1/ipc/chromium/src/chrome/common/file_descriptor_set_posix.cc, line 22
[Parent 2481, Gecko_IOThread] WARNING: pipe error (135): Connection reset by peer: file /build/firefox-9j9NY8/firefox-58.0.2+build1/ipc/chromium/src/chrome/common/ipc_channel_posix.cc, line 353
[Parent 2481, Gecko_IOThread] WARNING: pipe error (144): Connection reset by peer: file /build/firefox-9j9NY8/firefox-58.0.2+build1/ipc/chromium/src/chrome/common/ipc_channel_posix.cc, line 353
[Parent 2481, Gecko_IOThread] WARNING: pipe error (150): Connection reset by peer: file /build/firefox-9j9NY8/firefox-58.0.2+build1/ipc/chromium/src/chrome/common/ipc_channel_posix.cc, line 353

###!!! [Parent][MessageChannel] Error: (msgtype=0x150084,name=PBrowser::Msg_Destroy) Channel error: cannot send/recv

[Parent 2481, Gecko_IOThread] WARNING: pipe error (157): Connection reset by peer: file /build/firefox-9j9NY8/firefox-58.0.2+build1/ipc/chromium/src/chrome/common/ipc_channel_posix.cc, line 353
[Parent 2481, Gecko_IOThread] WARNING: pipe error (159): Connection reset by peer: file /build/firefox-9j9NY8/firefox-58.0.2+build1/ipc/chromium/src/chrome/common/ipc_channel_posix.cc, line 353
WARN  2018-07-24 20:02:51 unity.iconloader IconLoader.cpp:756 Unable to load icon file:/// at size -1x22: Can't open directory
[30930:30952:0724/200316.380939:ERROR:service_manager_context.cc(258)] Attempting to run unsupported native service: /opt/google/chrome/content_utility.service
[30930:30930:0724/201928.970224:ERROR:CONSOLE(1)] "Not allowed to load local resource: chrome-search://local-ntp/theme.css", source: https://www.google.com/_/chrome/newtab?ie=UTF-8 (1)
[Parent 397, Gecko_IOThread] WARNING: pipe error (51): Connection reset by peer: file /build/firefox-mWstsA/firefox-61.0.1+build1/ipc/chromium/src/chrome/common/ipc_channel_posix.cc, line 353
WARN  2018-07-24 20:26:12 unity.a11y.expanderview unity-expander-view-accessible.cpp:185 has_focus = 1
WARN  2018-07-24 20:26:12 unity.a11y.expanderview unity-expander-view-accessible.cpp:185 has_focus = 0
WARN  2018-07-24 20:27:18 unity.iconloader IconLoader.cpp:264 Unable to load icon . GThemedIcon inode-chardevice inode-x-generic at size 64
WARN  2018-07-24 20:27:18 unity.iconloader IconLoader.cpp:264 Unable to load icon . GThemedIcon inode-socket inode-x-generic at size 64
WARN  2018-07-24 20:27:24 unity <unknown>:0 Unable to fetch children: GDBus.Error:org.freedesktop.DBus.Error.UnknownMethod: No such interface 'org.ayatana.bamf.view' on object at path /org/ayatana/bamf/application/391674220

WARN  2018-07-24 20:27:24 unity <unknown>:0 Failed to fetch path: GDBus.Error:org.freedesktop.DBus.Error.UnknownMethod: No such interface 'org.ayatana.bamf.application' on object at path /org/ayatana/bamf/application/391674220
WARN  2018-07-24 20:27:24 unity <unknown>:0 Failed to fetch path: GDBus.Error:org.freedesktop.DBus.Error.UnknownMethod: No such interface 'org.ayatana.bamf.application' on object at path /org/ayatana/bamf/application/391674220
WARN  2018-07-24 20:27:24 unity <unknown>:0 Failed to fetch path: GDBus.Error:org.freedesktop.DBus.Error.UnknownMethod: No such interface 'org.ayatana.bamf.application' on object at path /org/ayatana/bamf/application/391674220
WARN  2018-07-24 20:27:24 unity <unknown>:0 Failed to fetch path: GDBus.Error:org.freedesktop.DBus.Error.UnknownMethod: No such interface 'org.ayatana.bamf.application' on object at path /org/ayatana/bamf/application/391674220
WARN  2018-07-24 20:27:24 unity <unknown>:0 Failed to fetch path: GDBus.Error:org.freedesktop.DBus.Error.UnknownMethod: No such interface 'org.ayatana.bamf.application' on object at path /org/ayatana/bamf/application/391674220
WARN  2018-07-24 20:27:24 unity <unknown>:0 Failed to fetch path: GDBus.Error:org.freedesktop.DBus.Error.UnknownMethod: No such interface 'org.ayatana.bamf.application' on object at path /org/ayatana/bamf/application/391674220
WARN  2018-07-24 20:27:24 unity <unknown>:0 Failed to fetch path: GDBus.Error:org.freedesktop.DBus.Error.UnknownMethod: No such interface 'org.ayatana.bamf.application' on object at path /org/ayatana/bamf/application/391674220
WARN  2018-07-24 20:27:24 unity <unknown>:0 Failed to fetch path: GDBus.Error:org.freedesktop.DBus.Error.UnknownMethod: No such interface 'org.ayatana.bamf.application' on object at path /org/ayatana/bamf/application/391674220
WARN  2018-07-24 20:39:34 unity.iconloader IconLoader.cpp:264 Unable to load icon . GThemedIcon inode-chardevice inode-x-generic at size 64
WARN  2018-07-24 20:39:34 unity.iconloader IconLoader.cpp:264 Unable to load icon . GThemedIcon inode-socket inode-x-generic at size 64
[643:643:0724/212110.343530:ERROR:gcm_channel_status_request.cc(127)] GCM channel request failed.
[643:643:0724/212142.594601:ERROR:gcm_channel_status_request.cc(127)] GCM channel request failed.
[643:643:0724/212242.312580:ERROR:gcm_channel_status_request.cc(127)] GCM channel request failed.
[643:643:0724/212418.459726:ERROR:gcm_channel_status_request.cc(127)] GCM channel request failed.
[643:643:0724/212739.767228:ERROR:gcm_channel_status_request.cc(127)] GCM channel request failed.
[643:643:0724/213535.969171:ERROR:gcm_channel_status_request.cc(127)] GCM channel request failed.
WARN  2018-07-24 21:44:55 unityreak_table (break_type) <unknown>:0 Invalid UTF-8 string passed to pango_layout_set_text()
WARN  2018-07-24 21:44:55 unityreak_table (break_type) <unknown>:0 Invalid UTF-8 string passed to pango_layout_set_text()
[643:643:0724/214551.520782:ERROR:gcm_channel_status_request.cc(127)] GCM channel request failed.
[643:643:0724/215611.545479:ERROR:gcm_channel_status_request.cc(127)] GCM channel request failed.
[1:15:0724/232953.488075:ERROR:render_media_log.cc(30)] MediaEvent: MEDIA_ERROR_LOG_ENTRY {"error":"Failed to reconcile encoded audio times with decoded output."}
WARN  2018-07-26 08:09:11 unity.glib.dbus.proxy GLibDBusProxy.cpp:487 Calling method "SyncOne" on object path: "/com/canonical/Unity/Panel/Service" failed: GDBus.Error:org.freedesktop.DBus.Error.ServiceUnknown: The name com.canonical.Unity.Panel.Service.LockScreen was not provided by any .service files
WARN  2018-07-26 08:09:11 unity.glib.dbus.proxy GLibDBusProxy.cpp:487 Calling method "SyncOne" on object path: "/com/canonical/Unity/Panel/Service" failed: GDBus.Error:org.freedesktop.DBus.Error.ServiceUnknown: The name com.canonical.Unity.Panel.Service.LockScreen was not provided by any .service files
WARN  2018-07-26 08:09:11 unity.glib.dbus.proxy GLibDBusProxy.cpp:487 Calling method "SyncOne" on object path: "/com/canonical/Unity/Panel/Service" failed: GDBus.Error:org.freedesktop.DBus.Error.ServiceUnknown: The name com.canonical.Unity.Panel.Service.LockScreen was not provided by any .service files
WARN  2018-07-26 08:09:12 unity.glib.dbus.proxy GLibDBusProxy.cpp:487 Calling method "SyncOne" on object path: "/com/canonical/Unity/Panel/Service" failed: GDBus.Error:org.freedesktop.DBus.Error.ServiceUnknown: The name com.canonical.Unity.Panel.Service.LockScreen was not provided by any .service files
WARN  2018-07-26 08:49:24 unity.screen UScreen.cpp:124 UScreen::GetMonitorName: Invalid monitor number1
WARN  2018-07-26 08:49:24 unity.screen UScreen.cpp:124 UScreen::GetMonitorName: Invalid monitor number1
[685:685:0726/085314.693886:ERROR:gles2_cmd_decoder.cc(18055)] [.DisplayCompositor-0x2b03195ca800]GL ERROR :GL_INVALID_OPERATION : glCreateAndConsumeTextureCHROMIUM: invalid mailbox name
[685:685:0726/085314.694061:ERROR:gles2_cmd_decoder.cc(10173)] [.DisplayCompositor-0x2b03195ca800]RENDER WARNING: texture bound to texture unit 0 is not renderable. It maybe non-power-of-2 and have incompatible texture filtering.
[685:685:0726/085314.765671:ERROR:gles2_cmd_decoder.cc(10173)] [.DisplayCompositor-0x2b03195ca800]RENDER WARNING: texture bound to texture unit 0 is not renderable. It maybe non-power-of-2 and have incompatible texture filtering.
[643:663:0726/085501.096350:ERROR:ssl_client_socket_impl.cc(1026)] handshake failed; returned -1, SSL error code 1, net_error -100
[643:663:0726/085546.801876:ERROR:ssl_client_socket_impl.cc(1026)] handshake failed; returned -1, SSL error code 1, net_error -100
[643:663:0726/085556.936274:ERROR:ssl_client_socket_impl.cc(1026)] handshake failed; returned -1, SSL error code 1, net_error -100
