
(unity-panel-service:1693): Indicator-Appmenu-CRITICAL **: window_menu_model_new: assertion 'BAMF_IS_APPLICATION(app)' failed

(unity-panel-service:1693): Indicator-Appmenu-CRITICAL **: track_menus: assertion 'IS_WINDOW_MENU(menus)' failed

(unity-panel-service:1693): Indicator-Appmenu-CRITICAL **: window_menu_model_new: assertion 'BAMF_IS_APPLICATION(app)' failed

(unity-panel-service:1693): Indicator-Appmenu-CRITICAL **: track_menus: assertion 'IS_WINDOW_MENU(menus)' failed

(unity-panel-service:1693): Indicator-Appmenu-CRITICAL **: window_menu_model_new: assertion 'BAMF_IS_APPLICATION(app)' failed

(unity-panel-service:1693): Indicator-Appmenu-CRITICAL **: track_menus: assertion 'IS_WINDOW_MENU(menus)' failed

(unity-panel-service:1693): Indicator-Appmenu-CRITICAL **: menus_destroyed: assertion 'IS_WINDOW_MENU(wm)' failed

(unity-panel-service:1693): Indicator-Appmenu-CRITICAL **: menus_destroyed: assertion 'IS_WINDOW_MENU(wm)' failed

(unity-panel-service:1693): Indicator-Appmenu-WARNING **: Already have a menu for window ID 60817424 with path /com/canonical/menu/3A00010 from :1.88, unregistering that one

(unity-panel-service:1693): Indicator-Appmenu-CRITICAL **: window_menu_model_new: assertion 'BAMF_IS_APPLICATION(app)' failed

(unity-panel-service:1693): Indicator-Appmenu-CRITICAL **: track_menus: assertion 'IS_WINDOW_MENU(menus)' failed

** (unity-panel-service:1693): WARNING **: Unable to fetch children: GDBus.Error:org.freedesktop.DBus.Error.UnknownMethod: No such interface 'org.ayatana.bamf.view' on object at path /org/ayatana/bamf/application/391674220


** (unity-panel-service:1693): WARNING **: Failed to fetch path: GDBus.Error:org.freedesktop.DBus.Error.UnknownMethod: No such interface 'org.ayatana.bamf.application' on object at path /org/ayatana/bamf/application/391674220

(unity-panel-service:1693): Indicator-Appmenu-CRITICAL **: window_menu_model_new: assertion 'BAMF_IS_APPLICATION(app)' failed

(unity-panel-service:1693): Indicator-Appmenu-CRITICAL **: track_menus: assertion 'IS_WINDOW_MENU(menus)' failed

(unity-panel-service:1693): Indicator-Appmenu-CRITICAL **: window_menu_model_new: assertion 'BAMF_IS_APPLICATION(app)' failed

(unity-panel-service:1693): Indicator-Appmenu-CRITICAL **: track_menus: assertion 'IS_WINDOW_MENU(menus)' failed

(unity-panel-service:1693): Indicator-Appmenu-CRITICAL **: window_menu_model_new: assertion 'BAMF_IS_APPLICATION(app)' failed

(unity-panel-service:1693): Indicator-Appmenu-CRITICAL **: track_menus: assertion 'IS_WINDOW_MENU(menus)' failed

(unity-panel-service:1693): Indicator-Appmenu-CRITICAL **: menus_destroyed: assertion 'IS_WINDOW_MENU(wm)' failed

(unity-panel-service:1693): Indicator-Appmenu-CRITICAL **: menus_destroyed: assertion 'IS_WINDOW_MENU(wm)' failed

(unity-panel-service:1693): Indicator-Appmenu-CRITICAL **: menus_destroyed: assertion 'IS_WINDOW_MENU(wm)' failed

(unity-panel-service:1693): Indicator-Appmenu-CRITICAL **: window_menu_model_new: assertion 'BAMF_IS_APPLICATION(app)' failed

(unity-panel-service:1693): Indicator-Appmenu-CRITICAL **: track_menus: assertion 'IS_WINDOW_MENU(menus)' failed

(unity-panel-service:1693): Indicator-Appmenu-CRITICAL **: window_menu_model_new: assertion 'BAMF_IS_APPLICATION(app)' failed

(unity-panel-service:1693): Indicator-Appmenu-CRITICAL **: track_menus: assertion 'IS_WINDOW_MENU(menus)' failed

(unity-panel-service:1693): Indicator-Appmenu-WARNING **: Already have a menu for window ID 58720273 with path /com/canonical/menu/3800011 from :1.162, unregistering that one

(unity-panel-service:1693): Indicator-Appmenu-CRITICAL **: window_menu_model_new: assertion 'BAMF_IS_APPLICATION(app)' failed

(unity-panel-service:1693): Indicator-Appmenu-CRITICAL **: track_menus: assertion 'IS_WINDOW_MENU(menus)' failed

(unity-panel-service:1693): Indicator-Appmenu-CRITICAL **: window_menu_model_new: assertion 'BAMF_IS_APPLICATION(app)' failed

(unity-panel-service:1693): Indicator-Appmenu-CRITICAL **: track_menus: assertion 'IS_WINDOW_MENU(menus)' failed

(unity-panel-service:1693): Indicator-Appmenu-CRITICAL **: menus_destroyed: assertion 'IS_WINDOW_MENU(wm)' failed

(unity-panel-service:1693): Indicator-Appmenu-CRITICAL **: menus_destroyed: assertion 'IS_WINDOW_MENU(wm)' failed

(unity-panel-service:1693): Indicator-Appmenu-CRITICAL **: menus_destroyed: assertion 'IS_WINDOW_MENU(wm)' failed

(unity-panel-service:1693): Indicator-Appmenu-CRITICAL **: menus_destroyed: assertion 'IS_WINDOW_MENU(wm)' failed

(unity-panel-service:1693): Indicator-Appmenu-CRITICAL **: menus_destroyed: assertion 'IS_WINDOW_MENU(wm)' failed

(unity-panel-service:1693): Indicator-Appmenu-CRITICAL **: menus_destroyed: assertion 'IS_WINDOW_MENU(wm)' failed

(unity-panel-service:1693): Indicator-Appmenu-CRITICAL **: menus_destroyed: assertion 'IS_WINDOW_MENU(wm)' failed

(unity-panel-service:1693): Indicator-Appmenu-CRITICAL **: menus_destroyed: assertion 'IS_WINDOW_MENU(wm)' failed

(unity-panel-service:1693): Indicator-Appmenu-CRITICAL **: window_menu_model_new: assertion 'BAMF_IS_APPLICATION(app)' failed

(unity-panel-service:1693): Indicator-Appmenu-CRITICAL **: track_menus: assertion 'IS_WINDOW_MENU(menus)' failed

(unity-panel-service:1693): LIBDBUSMENU-GLIB-WARNING **: Getting layout failed: GDBus.Error:org.freedesktop.DBus.Error.UnknownMethod: No such interface 'com.canonical.dbusmenu' on object at path /com/canonical/menu/3800028

(unity-panel-service:1693): Indicator-Appmenu-CRITICAL **: menus_destroyed: assertion 'IS_WINDOW_MENU(wm)' failed

(unity-panel-service:1693): Indicator-Appmenu-CRITICAL **: menus_destroyed: assertion 'IS_WINDOW_MENU(wm)' failed

(unity-panel-service:1693): Indicator-Appmenu-CRITICAL **: menus_destroyed: assertion 'IS_WINDOW_MENU(wm)' failed

(unity-panel-service:1693): Indicator-Appmenu-CRITICAL **: menus_destroyed: assertion 'IS_WINDOW_MENU(wm)' failed

(unity-panel-service:1693): Indicator-Appmenu-CRITICAL **: menus_destroyed: assertion 'IS_WINDOW_MENU(wm)' failed

(unity-panel-service:1693): Indicator-Appmenu-CRITICAL **: menus_destroyed: assertion 'IS_WINDOW_MENU(wm)' failed

(unity-panel-service:1693): Indicator-Appmenu-CRITICAL **: window_menu_model_new: assertion 'BAMF_IS_APPLICATION(app)' failed

(unity-panel-service:1693): Indicator-Appmenu-CRITICAL **: track_menus: assertion 'IS_WINDOW_MENU(menus)' failed

(unity-panel-service:1693): Indicator-Appmenu-CRITICAL **: window_menu_model_new: assertion 'BAMF_IS_APPLICATION(app)' failed

(unity-panel-service:1693): Indicator-Appmenu-CRITICAL **: track_menus: assertion 'IS_WINDOW_MENU(menus)' failed

(unity-panel-service:1693): Indicator-Appmenu-CRITICAL **: window_menu_model_new: assertion 'BAMF_IS_APPLICATION(app)' failed

(unity-panel-service:1693): Indicator-Appmenu-CRITICAL **: track_menus: assertion 'IS_WINDOW_MENU(menus)' failed

(unity-panel-service:1693): Indicator-Appmenu-CRITICAL **: menus_destroyed: assertion 'IS_WINDOW_MENU(wm)' failed

(unity-panel-service:1693): Indicator-Appmenu-CRITICAL **: window_menu_model_new: assertion 'BAMF_IS_APPLICATION(app)' failed

(unity-panel-service:1693): Indicator-Appmenu-CRITICAL **: track_menus: assertion 'IS_WINDOW_MENU(menus)' failed

(unity-panel-service:1693): Indicator-Appmenu-CRITICAL **: window_menu_model_new: assertion 'BAMF_IS_APPLICATION(app)' failed

(unity-panel-service:1693): Indicator-Appmenu-CRITICAL **: track_menus: assertion 'IS_WINDOW_MENU(menus)' failed

(unity-panel-service:1693): Indicator-Appmenu-WARNING **: Already have a menu for window ID 46137361 with path /com/canonical/menu/2C00011 from :1.200, unregistering that one
